<?xml version="1.0" encoding="utf-8"?><testsuites name="pytest tests"><testsuite name="pytest" errors="0" failures="0" skipped="0" tests="29" time="49.885" timestamp="2026-04-25T05:42:41.743886+00:00" hostname="agent-env-e8141a9d-0cb1-44e0-a382-9161568f7ec7"><testcase classname="backend.tests.test_aura_cosmetics" name="test_root" time="0.218" /><testcase classname="backend.tests.test_aura_cosmetics" name="test_products_seeded" time="0.131" /><testcase classname="backend.tests.test_aura_cosmetics" name="test_news_seeded" time="0.138" /><testcase classname="backend.tests.test_aura_cosmetics" name="test_login_admin" time="15.378" /><testcase classname="backend.tests.test_aura_cosmetics" name="test_login_director" time="0.361" /><testcase classname="backend.tests.test_aura_cosmetics" name="test_login_invalid" time="0.338" /><testcase classname="backend.tests.test_aura_cosmetics" name="test_auth_me_with_bearer" time="0.431" /><testcase classname="backend.tests.test_aura_cosmetics" name="test_auth_me_unauthenticated" time="0.105" /><testcase classname="backend.tests.test_aura_cosmetics" name="test_register_customer" time="0.472" /><testcase classname="backend.tests.test_aura_cosmetics" name="test_create_order_as_customer" time="11.048" /><testcase classname="backend.tests.test_aura_cosmetics" name="test_orders_forbidden_for_customer_listing" time="0.107" /><testcase classname="backend.tests.test_aura_cosmetics" name="test_create_worker_director_only" time="1.210" /><testcase classname="backend.tests.test_aura_cosmetics" name="test_max_4_workers_enforced" time="1.554" /><testcase classname="backend.tests.test_aura_cosmetics" name="test_create_sale_and_follow_up" time="0.318" /><testcase classname="backend.tests.test_aura_cosmetics" name="test_sales_isolation_worker_only_own" time="0.248" /><testcase classname="backend.tests.test_aura_cosmetics" name="test_reminders_endpoint" time="0.115" /><testcase classname="backend.tests.test_aura_cosmetics" name="test_clock_in_and_today" time="0.213" /><testcase classname="backend.tests.test_aura_cosmetics" name="test_clock_out" time="0.106" /><testcase classname="backend.tests.test_aura_cosmetics" name="test_accounts_director" time="0.115" /><testcase classname="backend.tests.test_aura_cosmetics" name="test_stats_director" time="0.120" /><testcase classname="backend.tests.test_aura_cosmetics" name="test_notifications_director" time="0.219" /><testcase classname="backend.tests.test_aura_cosmetics" name="test_notifications_forbidden_worker" time="0.107" /><testcase classname="backend.tests.test_aura_cosmetics" name="test_products_crud_admin" time="0.563" /><testcase classname="backend.tests.test_aura_cosmetics" name="test_products_create_forbidden_for_director" time="15.117" /><testcase classname="backend.tests.test_aura_cosmetics" name="test_news_crud_admin" time="0.334" /><testcase classname="backend.tests.test_aura_cosmetics" name="test_questions_flow" time="0.244" /><testcase classname="backend.tests.test_aura_cosmetics" name="test_questions_listing_forbidden_director" time="0.107" /><testcase classname="backend.tests.test_aura_cosmetics" name="test_workers_listing_forbidden_admin" time="0.105" /><testcase classname="backend.tests.test_aura_cosmetics" name="test_stats_forbidden_admin" time="0.112" /></testsuite></testsuites>